c:\users\16520\onedrive\desktop\castlevania\castlevania\debug\vc142.pdb
c:\users\16520\onedrive\desktop\castlevania\castlevania\debug\vc142.idb
c:\users\16520\onedrive\desktop\castlevania\castlevania\debug\textures.obj
c:\users\16520\onedrive\desktop\castlevania\castlevania\debug\sprites.obj
c:\users\16520\onedrive\desktop\castlevania\castlevania\debug\simon.obj
c:\users\16520\onedrive\desktop\castlevania\castlevania\debug\main.obj
c:\users\16520\onedrive\desktop\castlevania\castlevania\debug\goomba.obj
c:\users\16520\onedrive\desktop\castlevania\castlevania\debug\gameobject.obj
c:\users\16520\onedrive\desktop\castlevania\castlevania\debug\game.obj
c:\users\16520\onedrive\desktop\castlevania\castlevania\debug\debug.obj
c:\users\16520\onedrive\desktop\castlevania\castlevania\debug\brick.obj
c:\users\16520\onedrive\desktop\castlevania\debug\castlevania.exe
c:\users\16520\onedrive\desktop\castlevania\debug\castlevania.ilk
c:\users\16520\onedrive\desktop\castlevania\debug\castlevania.pdb
c:\users\16520\onedrive\desktop\castlevania\castlevania\debug\castlevania.tlog\cl.command.1.tlog
c:\users\16520\onedrive\desktop\castlevania\castlevania\debug\castlevania.tlog\cl.read.1.tlog
c:\users\16520\onedrive\desktop\castlevania\castlevania\debug\castlevania.tlog\cl.write.1.tlog
c:\users\16520\onedrive\desktop\castlevania\castlevania\debug\castlevania.tlog\link.command.1.tlog
c:\users\16520\onedrive\desktop\castlevania\castlevania\debug\castlevania.tlog\link.read.1.tlog
c:\users\16520\onedrive\desktop\castlevania\castlevania\debug\castlevania.tlog\link.write.1.tlog
