  Abyss.cpp
  Bat.cpp
C:\Users\16520\OneDrive\Desktop\Castlevania\Castlevania\Simon.h(232,14): warning C4244: '=': conversion from 'float' to 'int', possible loss of data
C:\Users\16520\OneDrive\Desktop\Castlevania\Castlevania\Simon.h(240,9): warning C4244: 'argument': conversion from 'int' to 'float', possible loss of data
C:\Users\16520\OneDrive\Desktop\Castlevania\Castlevania\Layer.h(36,24): warning C4018: '<': signed/unsigned mismatch
C:\Users\16520\OneDrive\Desktop\Castlevania\Castlevania\Layer.h(38,25): warning C4018: '<': signed/unsigned mismatch
  BHeart.cpp
  BlackKnight.cpp
C:\Users\16520\OneDrive\Desktop\Castlevania\Castlevania\Simon.h(232,14): warning C4244: '=': conversion from 'float' to 'int', possible loss of data
C:\Users\16520\OneDrive\Desktop\Castlevania\Castlevania\Simon.h(240,9): warning C4244: 'argument': conversion from 'int' to 'float', possible loss of data
C:\Users\16520\OneDrive\Desktop\Castlevania\Castlevania\Layer.h(36,24): warning C4018: '<': signed/unsigned mismatch
C:\Users\16520\OneDrive\Desktop\Castlevania\Castlevania\Layer.h(38,25): warning C4018: '<': signed/unsigned mismatch
C:\Users\16520\OneDrive\Desktop\Castlevania\Castlevania\BlackKnight.cpp(95,36): warning C4244: '=': conversion from 'float' to 'int', possible loss of data
C:\Users\16520\OneDrive\Desktop\Castlevania\Castlevania\BlackKnight.cpp(96,18): warning C4244: '=': conversion from 'float' to 'int', possible loss of data
  DoubleShot.cpp
  Dual.cpp
  HCrown.cpp
  HolyCross.cpp
  Hud.cpp
C:\Users\16520\OneDrive\Desktop\Castlevania\Castlevania\Simon.h(232,14): warning C4244: '=': conversion from 'float' to 'int', possible loss of data
C:\Users\16520\OneDrive\Desktop\Castlevania\Castlevania\Simon.h(240,9): warning C4244: 'argument': conversion from 'int' to 'float', possible loss of data
C:\Users\16520\OneDrive\Desktop\Castlevania\Castlevania\Layer.h(36,24): warning C4018: '<': signed/unsigned mismatch
C:\Users\16520\OneDrive\Desktop\Castlevania\Castlevania\Layer.h(38,25): warning C4018: '<': signed/unsigned mismatch
C:\Users\16520\OneDrive\Desktop\Castlevania\Castlevania\WAxe.h(5,1): warning C4005: 'AXE_SPEED_VX': macro redefinition
C:\Users\16520\OneDrive\Desktop\Castlevania\Castlevania\Bone.h(5): message : see previous definition of 'AXE_SPEED_VX'
C:\Users\16520\OneDrive\Desktop\Castlevania\Castlevania\Hud.cpp(75,23): warning C4018: '<': signed/unsigned mismatch
C:\Users\16520\OneDrive\Desktop\Castlevania\Castlevania\Hud.cpp(77,65): warning C4244: 'argument': conversion from 'size_t' to 'float', possible loss of data
C:\Users\16520\OneDrive\Desktop\Castlevania\Castlevania\Hud.cpp(80,23): warning C4018: '<': signed/unsigned mismatch
C:\Users\16520\OneDrive\Desktop\Castlevania\Castlevania\Hud.cpp(82,63): warning C4244: 'argument': conversion from 'size_t' to 'float', possible loss of data
C:\Users\16520\OneDrive\Desktop\Castlevania\Castlevania\Hud.cpp(86,63): warning C4244: 'argument': conversion from 'size_t' to 'float', possible loss of data
C:\Users\16520\OneDrive\Desktop\Castlevania\Castlevania\Hud.cpp(90,63): warning C4244: 'argument': conversion from 'size_t' to 'float', possible loss of data
  IChicken.cpp
  ICrown.cpp
C:\Users\16520\OneDrive\Desktop\Castlevania\Castlevania\Simon.h(232,14): warning C4244: '=': conversion from 'float' to 'int', possible loss of data
C:\Users\16520\OneDrive\Desktop\Castlevania\Castlevania\Simon.h(240,9): warning C4244: 'argument': conversion from 'int' to 'float', possible loss of data
C:\Users\16520\OneDrive\Desktop\Castlevania\Castlevania\Layer.h(36,24): warning C4018: '<': signed/unsigned mismatch
C:\Users\16520\OneDrive\Desktop\Castlevania\Castlevania\Layer.h(38,25): warning C4018: '<': signed/unsigned mismatch
  Grid.cpp
C:\Users\16520\OneDrive\Desktop\Castlevania\Castlevania\Layer.h(36,24): warning C4018: '<': signed/unsigned mismatch
C:\Users\16520\OneDrive\Desktop\Castlevania\Castlevania\Layer.h(38,25): warning C4018: '<': signed/unsigned mismatch
C:\Users\16520\OneDrive\Desktop\Castlevania\Castlevania\Simon.h(232,14): warning C4244: '=': conversion from 'float' to 'int', possible loss of data
C:\Users\16520\OneDrive\Desktop\Castlevania\Castlevania\Simon.h(240,9): warning C4244: 'argument': conversion from 'int' to 'float', possible loss of data
C:\Users\16520\OneDrive\Desktop\Castlevania\Castlevania\Ghost.h(14,18): warning C4305: 'initializing': truncation from 'double' to 'float'
C:\Users\16520\OneDrive\Desktop\Castlevania\Castlevania\Raven.h(17,1): warning C4005: 'WAIT_TIME': macro redefinition
C:\Users\16520\OneDrive\Desktop\Castlevania\Castlevania\Phantom.h(18): message : see previous definition of 'WAIT_TIME'
C:\Users\16520\OneDrive\Desktop\Castlevania\Castlevania\WAxe.h(5,1): warning C4005: 'AXE_SPEED_VX': macro redefinition
C:\Users\16520\OneDrive\Desktop\Castlevania\Castlevania\Bone.h(5): message : see previous definition of 'AXE_SPEED_VX'
C:\Users\16520\OneDrive\Desktop\Castlevania\Castlevania\WBoomerang.h(11,1): warning C4005: 'DISTANCE': macro redefinition
C:\Users\16520\OneDrive\Desktop\Castlevania\Castlevania\BlackKnight.h(9): message : see previous definition of 'DISTANCE'
C:\Users\16520\OneDrive\Desktop\Castlevania\Castlevania\Grid.cpp(69,23): warning C4018: '<': signed/unsigned mismatch
C:\Users\16520\OneDrive\Desktop\Castlevania\Castlevania\Grid.cpp(70,24): warning C4018: '<': signed/unsigned mismatch
C:\Users\16520\OneDrive\Desktop\Castlevania\Castlevania\Grid.cpp(102,29): warning C4244: 'initializing': conversion from 'double' to 'float', possible loss of data
C:\Users\16520\OneDrive\Desktop\Castlevania\Castlevania\Grid.cpp(102,18): warning C4244: 'initializing': conversion from 'double' to 'const float', possible loss of data
C:\Users\16520\OneDrive\Desktop\Castlevania\Castlevania\Grid.cpp(103,29): warning C4244: 'initializing': conversion from 'double' to 'float', possible loss of data
C:\Users\16520\OneDrive\Desktop\Castlevania\Castlevania\Grid.cpp(103,18): warning C4244: 'initializing': conversion from 'double' to 'const float', possible loss of data
C:\Users\16520\OneDrive\Desktop\Castlevania\Castlevania\Grid.cpp(104,33): warning C4244: 'initializing': conversion from 'double' to 'float', possible loss of data
C:\Users\16520\OneDrive\Desktop\Castlevania\Castlevania\Grid.cpp(104,22): warning C4244: 'initializing': conversion from 'double' to 'const float', possible loss of data
C:\Users\16520\OneDrive\Desktop\Castlevania\Castlevania\Grid.cpp(105,34): warning C4244: 'initializing': conversion from 'double' to 'float', possible loss of data
C:\Users\16520\OneDrive\Desktop\Castlevania\Castlevania\Grid.cpp(105,23): warning C4244: 'initializing': conversion from 'double' to 'const float', possible loss of data
C:\Users\16520\OneDrive\Desktop\Castlevania\Castlevania\Grid.cpp(107,29): warning C4244: 'initializing': conversion from 'double' to 'int', possible loss of data
C:\Users\16520\OneDrive\Desktop\Castlevania\Castlevania\Grid.cpp(107,18): warning C4244: 'initializing': conversion from 'double' to 'const int', possible loss of data
C:\Users\16520\OneDrive\Desktop\Castlevania\Castlevania\Grid.cpp(108,29): warning C4244: 'initializing': conversion from 'double' to 'int', possible loss of data
C:\Users\16520\OneDrive\Desktop\Castlevania\Castlevania\Grid.cpp(108,18): warning C4244: 'initializing': conversion from 'double' to 'const int', possible loss of data
C:\Users\16520\OneDrive\Desktop\Castlevania\Castlevania\Grid.cpp(188,33): warning C4244: '=': conversion from 'float' to 'LONG', possible loss of data
C:\Users\16520\OneDrive\Desktop\Castlevania\Castlevania\Grid.cpp(189,32): warning C4244: '=': conversion from 'float' to 'LONG', possible loss of data
C:\Users\16520\OneDrive\Desktop\Castlevania\Castlevania\Grid.cpp(190,37): warning C4244: '=': conversion from 'float' to 'LONG', possible loss of data
C:\Users\16520\OneDrive\Desktop\Castlevania\Castlevania\Grid.cpp(191,38): warning C4244: '=': conversion from 'float' to 'LONG', possible loss of data
C:\Users\16520\OneDrive\Desktop\Castlevania\Castlevania\Grid.cpp(483,15): warning C4244: 'initializing': conversion from 'float' to 'int', possible loss of data
C:\Users\16520\OneDrive\Desktop\Castlevania\Castlevania\Grid.cpp(485,13): warning C4244: 'initializing': conversion from 'float' to 'int', possible loss of data
C:\Users\16520\OneDrive\Desktop\Castlevania\packages\rapidxml.1.13\build\native\include\rapidxml\rapidxml_utils.hpp(40,25): warning C4244: 'initializing': conversion from 'std::streamoff' to 'size_t', possible loss of data
C:\Users\16520\OneDrive\Desktop\Castlevania\packages\rapidxml.1.13\build\native\include\rapidxml\rapidxml_utils.hpp(28): message : while compiling class template member function 'rapidxml::file<char>::file(const char *)'
C:\Users\16520\OneDrive\Desktop\Castlevania\Castlevania\Grid.cpp(49): message : see reference to function template instantiation 'rapidxml::file<char>::file(const char *)' being compiled
C:\Users\16520\OneDrive\Desktop\Castlevania\Castlevania\Grid.cpp(49): message : see reference to class template instantiation 'rapidxml::file<char>' being compiled
  IAXE.cpp
  IBoomerang.cpp
  IFireBomb.cpp
  IInvisible.cpp
  IMoneyBlue.cpp
C:\Users\16520\OneDrive\Desktop\Castlevania\Castlevania\Simon.h(232,14): warning C4244: '=': conversion from 'float' to 'int', possible loss of data
C:\Users\16520\OneDrive\Desktop\Castlevania\Castlevania\Simon.h(240,9): warning C4244: 'argument': conversion from 'int' to 'float', possible loss of data
C:\Users\16520\OneDrive\Desktop\Castlevania\Castlevania\Layer.h(36,24): warning C4018: '<': signed/unsigned mismatch
C:\Users\16520\OneDrive\Desktop\Castlevania\Castlevania\Layer.h(38,25): warning C4018: '<': signed/unsigned mismatch
  IMoneyRed.cpp
C:\Users\16520\OneDrive\Desktop\Castlevania\Castlevania\Simon.h(232,14): warning C4244: '=': conversion from 'float' to 'int', possible loss of data
C:\Users\16520\OneDrive\Desktop\Castlevania\Castlevania\Simon.h(240,9): warning C4244: 'argument': conversion from 'int' to 'float', possible loss of data
C:\Users\16520\OneDrive\Desktop\Castlevania\Castlevania\Layer.h(36,24): warning C4018: '<': signed/unsigned mismatch
C:\Users\16520\OneDrive\Desktop\Castlevania\Castlevania\Layer.h(38,25): warning C4018: '<': signed/unsigned mismatch
  IMoneyWhite.cpp
C:\Users\16520\OneDrive\Desktop\Castlevania\Castlevania\Simon.h(232,14): warning C4244: '=': conversion from 'float' to 'int', possible loss of data
C:\Users\16520\OneDrive\Desktop\Castlevania\Castlevania\Simon.h(240,9): warning C4244: 'argument': conversion from 'int' to 'float', possible loss of data
C:\Users\16520\OneDrive\Desktop\Castlevania\Castlevania\Layer.h(36,24): warning C4018: '<': signed/unsigned mismatch
C:\Users\16520\OneDrive\Desktop\Castlevania\Castlevania\Layer.h(38,25): warning C4018: '<': signed/unsigned mismatch
  IStopWatch.cpp
  Generating Code...
  Compiling...
  MONEY100.cpp
  MONEY1000.cpp
  MONEY2000.cpp
  MONEY400.cpp
  MONEY700.cpp
  Phantom.cpp
C:\Users\16520\OneDrive\Desktop\Castlevania\Castlevania\Simon.h(232,14): warning C4244: '=': conversion from 'float' to 'int', possible loss of data
C:\Users\16520\OneDrive\Desktop\Castlevania\Castlevania\Simon.h(240,9): warning C4244: 'argument': conversion from 'int' to 'float', possible loss of data
C:\Users\16520\OneDrive\Desktop\Castlevania\Castlevania\Layer.h(36,24): warning C4018: '<': signed/unsigned mismatch
C:\Users\16520\OneDrive\Desktop\Castlevania\Castlevania\Layer.h(38,25): warning C4018: '<': signed/unsigned mismatch
C:\Users\16520\OneDrive\Desktop\Castlevania\Castlevania\Phantom.cpp(56,24): warning C4244: '=': conversion from 'FLOAT' to 'LONG', possible loss of data
C:\Users\16520\OneDrive\Desktop\Castlevania\Castlevania\Phantom.cpp(57,23): warning C4244: '=': conversion from 'FLOAT' to 'LONG', possible loss of data
C:\Users\16520\OneDrive\Desktop\Castlevania\Castlevania\Phantom.cpp(58,48): warning C4244: '=': conversion from 'FLOAT' to 'LONG', possible loss of data
C:\Users\16520\OneDrive\Desktop\Castlevania\Castlevania\Phantom.cpp(59,50): warning C4244: '=': conversion from 'FLOAT' to 'LONG', possible loss of data
C:\Users\16520\OneDrive\Desktop\Castlevania\Castlevania\Phantom.cpp(80,46): warning C4244: '=': conversion from 'FLOAT' to 'LONG', possible loss of data
C:\Users\16520\OneDrive\Desktop\Castlevania\Castlevania\Phantom.cpp(81,45): warning C4244: '=': conversion from 'FLOAT' to 'LONG', possible loss of data
C:\Users\16520\OneDrive\Desktop\Castlevania\Castlevania\Phantom.cpp(82,47): warning C4244: '=': conversion from 'FLOAT' to 'LONG', possible loss of data
C:\Users\16520\OneDrive\Desktop\Castlevania\Castlevania\Phantom.cpp(83,48): warning C4244: '=': conversion from 'FLOAT' to 'LONG', possible loss of data
C:\Users\16520\OneDrive\Desktop\Castlevania\Castlevania\Phantom.cpp(85,46): warning C4244: '=': conversion from 'FLOAT' to 'LONG', possible loss of data
C:\Users\16520\OneDrive\Desktop\Castlevania\Castlevania\Phantom.cpp(86,45): warning C4244: '=': conversion from 'FLOAT' to 'LONG', possible loss of data
C:\Users\16520\OneDrive\Desktop\Castlevania\Castlevania\Phantom.cpp(87,47): warning C4244: '=': conversion from 'FLOAT' to 'LONG', possible loss of data
C:\Users\16520\OneDrive\Desktop\Castlevania\Castlevania\Phantom.cpp(88,48): warning C4244: '=': conversion from 'FLOAT' to 'LONG', possible loss of data
C:\Users\16520\OneDrive\Desktop\Castlevania\Castlevania\Phantom.cpp(94,26): warning C4244: 'argument': conversion from 'LONG' to 'float', possible loss of data
C:\Users\16520\OneDrive\Desktop\Castlevania\Castlevania\Phantom.cpp(93,26): warning C4244: 'argument': conversion from 'LONG' to 'float', possible loss of data
C:\Users\16520\OneDrive\Desktop\Castlevania\Castlevania\Phantom.cpp(92,26): warning C4244: 'argument': conversion from 'LONG' to 'float', possible loss of data
C:\Users\16520\OneDrive\Desktop\Castlevania\Castlevania\Phantom.cpp(91,63): warning C4244: 'argument': conversion from 'LONG' to 'float', possible loss of data
C:\Users\16520\OneDrive\Desktop\Castlevania\Castlevania\Phantom.cpp(105,26): warning C4244: 'argument': conversion from 'LONG' to 'float', possible loss of data
C:\Users\16520\OneDrive\Desktop\Castlevania\Castlevania\Phantom.cpp(104,26): warning C4244: 'argument': conversion from 'LONG' to 'float', possible loss of data
C:\Users\16520\OneDrive\Desktop\Castlevania\Castlevania\Phantom.cpp(103,26): warning C4244: 'argument': conversion from 'LONG' to 'float', possible loss of data
C:\Users\16520\OneDrive\Desktop\Castlevania\Castlevania\Phantom.cpp(102,68): warning C4244: 'argument': conversion from 'LONG' to 'float', possible loss of data
C:\Users\16520\OneDrive\Desktop\Castlevania\Castlevania\Phantom.cpp(114,66): warning C4244: '=': conversion from 'LONG' to 'FLOAT', possible loss of data
C:\Users\16520\OneDrive\Desktop\Castlevania\Castlevania\Phantom.cpp(115,66): warning C4244: '=': conversion from 'LONG' to 'FLOAT', possible loss of data
C:\Users\16520\OneDrive\Desktop\Castlevania\Castlevania\Phantom.cpp(126,66): warning C4244: '=': conversion from 'LONG' to 'FLOAT', possible loss of data
C:\Users\16520\OneDrive\Desktop\Castlevania\Castlevania\Phantom.cpp(127,66): warning C4244: '=': conversion from 'LONG' to 'FLOAT', possible loss of data
C:\Users\16520\OneDrive\Desktop\Castlevania\Castlevania\Phantom.cpp(140,66): warning C4244: '=': conversion from 'LONG' to 'FLOAT', possible loss of data
C:\Users\16520\OneDrive\Desktop\Castlevania\Castlevania\Phantom.cpp(141,66): warning C4244: '=': conversion from 'LONG' to 'FLOAT', possible loss of data
  Star.cpp
  TripleShot.cpp
  WBoomerang.cpp
C:\Users\16520\OneDrive\Desktop\Castlevania\Castlevania\Simon.h(232,14): warning C4244: '=': conversion from 'float' to 'int', possible loss of data
C:\Users\16520\OneDrive\Desktop\Castlevania\Castlevania\Simon.h(240,9): warning C4244: 'argument': conversion from 'int' to 'float', possible loss of data
C:\Users\16520\OneDrive\Desktop\Castlevania\Castlevania\Layer.h(36,24): warning C4018: '<': signed/unsigned mismatch
C:\Users\16520\OneDrive\Desktop\Castlevania\Castlevania\Layer.h(38,25): warning C4018: '<': signed/unsigned mismatch
  Brick.cpp
  BrickWall.cpp
  Candle.cpp
  Convert.cpp
  DebrisBrick.cpp
  debug.cpp
  Effect.cpp
  EffectFactory.cpp
  Enemy.cpp
C:\Users\16520\OneDrive\Desktop\Castlevania\Castlevania\Simon.h(232,14): warning C4244: '=': conversion from 'float' to 'int', possible loss of data
C:\Users\16520\OneDrive\Desktop\Castlevania\Castlevania\Simon.h(240,9): warning C4244: 'argument': conversion from 'int' to 'float', possible loss of data
C:\Users\16520\OneDrive\Desktop\Castlevania\Castlevania\Layer.h(36,24): warning C4018: '<': signed/unsigned mismatch
C:\Users\16520\OneDrive\Desktop\Castlevania\Castlevania\Layer.h(38,25): warning C4018: '<': signed/unsigned mismatch
  EnemyFactory.cpp
C:\Users\16520\OneDrive\Desktop\Castlevania\Castlevania\Simon.h(232,14): warning C4244: '=': conversion from 'float' to 'int', possible loss of data
C:\Users\16520\OneDrive\Desktop\Castlevania\Castlevania\Simon.h(240,9): warning C4244: 'argument': conversion from 'int' to 'float', possible loss of data
C:\Users\16520\OneDrive\Desktop\Castlevania\Castlevania\Layer.h(36,24): warning C4018: '<': signed/unsigned mismatch
C:\Users\16520\OneDrive\Desktop\Castlevania\Castlevania\Layer.h(38,25): warning C4018: '<': signed/unsigned mismatch
C:\Users\16520\OneDrive\Desktop\Castlevania\Castlevania\Ghost.h(14,18): warning C4305: 'initializing': truncation from 'double' to 'float'
C:\Users\16520\OneDrive\Desktop\Castlevania\Castlevania\Phantom.h(18,1): warning C4005: 'WAIT_TIME': macro redefinition
C:\Users\16520\OneDrive\Desktop\Castlevania\Castlevania\Raven.h(17): message : see previous definition of 'WAIT_TIME'
  Entrance.cpp
  Generating Code...
  Compiling...
  WFireBomb.cpp
C:\Users\16520\OneDrive\Desktop\Castlevania\Castlevania\Simon.h(232,14): warning C4244: '=': conversion from 'float' to 'int', possible loss of data
C:\Users\16520\OneDrive\Desktop\Castlevania\Castlevania\Simon.h(240,9): warning C4244: 'argument': conversion from 'int' to 'float', possible loss of data
C:\Users\16520\OneDrive\Desktop\Castlevania\Castlevania\Layer.h(36,24): warning C4018: '<': signed/unsigned mismatch
C:\Users\16520\OneDrive\Desktop\Castlevania\Castlevania\Layer.h(38,25): warning C4018: '<': signed/unsigned mismatch
  Flame.cpp
  Game.cpp
C:\Users\16520\OneDrive\Desktop\Castlevania\Castlevania\Simon.h(232,14): warning C4244: '=': conversion from 'float' to 'int', possible loss of data
C:\Users\16520\OneDrive\Desktop\Castlevania\Castlevania\Simon.h(240,9): warning C4244: 'argument': conversion from 'int' to 'float', possible loss of data
C:\Users\16520\OneDrive\Desktop\Castlevania\Castlevania\Layer.h(36,24): warning C4018: '<': signed/unsigned mismatch
C:\Users\16520\OneDrive\Desktop\Castlevania\Castlevania\Layer.h(38,25): warning C4018: '<': signed/unsigned mismatch
C:\Users\16520\OneDrive\Desktop\Castlevania\Castlevania\Game.cpp(98,38): warning C4244: 'argument': conversion from 'int' to 'FLOAT', possible loss of data
C:\Users\16520\OneDrive\Desktop\Castlevania\Castlevania\Game.cpp(393,26): warning C4305: '=': truncation from '__int64' to 'float'
C:\Users\16520\OneDrive\Desktop\Castlevania\Castlevania\Game.cpp(394,24): warning C4305: '=': truncation from '__int64' to 'float'
C:\Users\16520\OneDrive\Desktop\Castlevania\Castlevania\Game.cpp(404,26): warning C4305: '=': truncation from '__int64' to 'float'
C:\Users\16520\OneDrive\Desktop\Castlevania\Castlevania\Game.cpp(405,24): warning C4305: '=': truncation from '__int64' to 'float'
  GameObject.cpp
C:\Users\16520\OneDrive\Desktop\Castlevania\Castlevania\Simon.h(232,14): warning C4244: '=': conversion from 'float' to 'int', possible loss of data
C:\Users\16520\OneDrive\Desktop\Castlevania\Castlevania\Simon.h(240,9): warning C4244: 'argument': conversion from 'int' to 'float', possible loss of data
C:\Users\16520\OneDrive\Desktop\Castlevania\Castlevania\Layer.h(36,24): warning C4018: '<': signed/unsigned mismatch
C:\Users\16520\OneDrive\Desktop\Castlevania\Castlevania\Layer.h(38,25): warning C4018: '<': signed/unsigned mismatch
  Ghost.cpp
C:\Users\16520\OneDrive\Desktop\Castlevania\Castlevania\Simon.h(232,14): warning C4244: '=': conversion from 'float' to 'int', possible loss of data
C:\Users\16520\OneDrive\Desktop\Castlevania\Castlevania\Simon.h(240,9): warning C4244: 'argument': conversion from 'int' to 'float', possible loss of data
C:\Users\16520\OneDrive\Desktop\Castlevania\Castlevania\Layer.h(36,24): warning C4018: '<': signed/unsigned mismatch
C:\Users\16520\OneDrive\Desktop\Castlevania\Castlevania\Layer.h(38,25): warning C4018: '<': signed/unsigned mismatch
C:\Users\16520\OneDrive\Desktop\Castlevania\Castlevania\Ghost.h(14,18): warning C4305: 'initializing': truncation from 'double' to 'float'
C:\Users\16520\OneDrive\Desktop\Castlevania\Castlevania\Ghost.cpp(43,13): warning C4244: 'initializing': conversion from 'float' to 'int', possible loss of data
C:\Users\16520\OneDrive\Desktop\Castlevania\Castlevania\Ghost.cpp(44,13): warning C4244: 'initializing': conversion from 'float' to 'int', possible loss of data
C:\Users\16520\OneDrive\Desktop\Castlevania\Castlevania\Ghost.cpp(46,41): warning C4244: '=': conversion from 'int' to 'FLOAT', possible loss of data
C:\Users\16520\OneDrive\Desktop\Castlevania\Castlevania\Ghost.cpp(50,13): warning C4244: 'initializing': conversion from 'float' to 'int', possible loss of data
C:\Users\16520\OneDrive\Desktop\Castlevania\Castlevania\Ghost.cpp(51,13): warning C4244: 'initializing': conversion from 'float' to 'int', possible loss of data
C:\Users\16520\OneDrive\Desktop\Castlevania\Castlevania\Ghost.cpp(52,41): warning C4244: '=': conversion from 'int' to 'FLOAT', possible loss of data
C:\Users\16520\OneDrive\Desktop\Castlevania\Castlevania\Ghost.cpp(58,13): warning C4244: 'initializing': conversion from 'float' to 'int', possible loss of data
C:\Users\16520\OneDrive\Desktop\Castlevania\Castlevania\Ghost.cpp(59,13): warning C4244: 'initializing': conversion from 'float' to 'int', possible loss of data
C:\Users\16520\OneDrive\Desktop\Castlevania\Castlevania\Ghost.cpp(61,41): warning C4244: '=': conversion from 'int' to 'FLOAT', possible loss of data
C:\Users\16520\OneDrive\Desktop\Castlevania\Castlevania\Ghost.cpp(64,13): warning C4244: 'initializing': conversion from 'float' to 'int', possible loss of data
C:\Users\16520\OneDrive\Desktop\Castlevania\Castlevania\Ghost.cpp(65,13): warning C4244: 'initializing': conversion from 'float' to 'int', possible loss of data
C:\Users\16520\OneDrive\Desktop\Castlevania\Castlevania\Ghost.cpp(66,41): warning C4244: '=': conversion from 'int' to 'FLOAT', possible loss of data
  Ground.cpp
  Heart.cpp
  HiddenObject.cpp
  HMoney.cpp
  Hunchback.cpp
C:\Users\16520\OneDrive\Desktop\Castlevania\Castlevania\Simon.h(232,14): warning C4244: '=': conversion from 'float' to 'int', possible loss of data
C:\Users\16520\OneDrive\Desktop\Castlevania\Castlevania\Simon.h(240,9): warning C4244: 'argument': conversion from 'int' to 'float', possible loss of data
C:\Users\16520\OneDrive\Desktop\Castlevania\Castlevania\Layer.h(36,24): warning C4018: '<': signed/unsigned mismatch
C:\Users\16520\OneDrive\Desktop\Castlevania\Castlevania\Layer.h(38,25): warning C4018: '<': signed/unsigned mismatch
C:\Users\16520\OneDrive\Desktop\Castlevania\Castlevania\Hunchback.cpp(84,26): warning C4305: 'initializing': truncation from 'double' to 'float'
C:\Users\16520\OneDrive\Desktop\Castlevania\Castlevania\Hunchback.cpp(85,26): warning C4305: 'initializing': truncation from 'double' to 'float'
C:\Users\16520\OneDrive\Desktop\Castlevania\Castlevania\Hunchback.cpp(88,25): warning C4305: 'initializing': truncation from 'double' to 'float'
C:\Users\16520\OneDrive\Desktop\Castlevania\Castlevania\Hunchback.cpp(89,24): warning C4305: 'initializing': truncation from 'double' to 'float'
C:\Users\16520\OneDrive\Desktop\Castlevania\Castlevania\Hunchback.cpp(129,10): warning C4305: '-=': truncation from 'double' to 'float'
  IDagger.cpp
  IMoney.cpp
C:\Users\16520\OneDrive\Desktop\Castlevania\Castlevania\Simon.h(232,14): warning C4244: '=': conversion from 'float' to 'int', possible loss of data
C:\Users\16520\OneDrive\Desktop\Castlevania\Castlevania\Simon.h(240,9): warning C4244: 'argument': conversion from 'int' to 'float', possible loss of data
C:\Users\16520\OneDrive\Desktop\Castlevania\Castlevania\Layer.h(36,24): warning C4018: '<': signed/unsigned mismatch
C:\Users\16520\OneDrive\Desktop\Castlevania\Castlevania\Layer.h(38,25): warning C4018: '<': signed/unsigned mismatch
  Item.cpp
  ItemFactory.cpp
  IWhip.cpp
  Layer.cpp
C:\Users\16520\OneDrive\Desktop\Castlevania\Castlevania\Layer.h(36,24): warning C4018: '<': signed/unsigned mismatch
C:\Users\16520\OneDrive\Desktop\Castlevania\Castlevania\Layer.h(38,25): warning C4018: '<': signed/unsigned mismatch
C:\Users\16520\OneDrive\Desktop\Castlevania\Castlevania\Layer.cpp(33,123): warning C4244: 'argument': conversion from 'int' to 'float', possible loss of data
C:\Users\16520\OneDrive\Desktop\Castlevania\Castlevania\Layer.cpp(33,115): warning C4244: 'argument': conversion from 'int' to 'float', possible loss of data
  main.cpp
C:\Users\16520\OneDrive\Desktop\Castlevania\Castlevania\Simon.h(232,14): warning C4244: '=': conversion from 'float' to 'int', possible loss of data
C:\Users\16520\OneDrive\Desktop\Castlevania\Castlevania\Simon.h(240,9): warning C4244: 'argument': conversion from 'int' to 'float', possible loss of data
C:\Users\16520\OneDrive\Desktop\Castlevania\Castlevania\Layer.h(36,24): warning C4018: '<': signed/unsigned mismatch
C:\Users\16520\OneDrive\Desktop\Castlevania\Castlevania\Layer.h(38,25): warning C4018: '<': signed/unsigned mismatch
  Map.cpp
C:\Users\16520\OneDrive\Desktop\Castlevania\Castlevania\Layer.h(36,24): warning C4018: '<': signed/unsigned mismatch
C:\Users\16520\OneDrive\Desktop\Castlevania\Castlevania\Layer.h(38,25): warning C4018: '<': signed/unsigned mismatch
C:\Users\16520\OneDrive\Desktop\Castlevania\Castlevania\Map.cpp(124,28): warning C4018: '<': signed/unsigned mismatch
C:\Users\16520\OneDrive\Desktop\Castlevania\Castlevania\Map.cpp(126,29): warning C4018: '<': signed/unsigned mismatch
C:\Users\16520\OneDrive\Desktop\Castlevania\Castlevania\Map.cpp(198,29): warning C4244: 'initializing': conversion from 'double' to 'float', possible loss of data
C:\Users\16520\OneDrive\Desktop\Castlevania\Castlevania\Map.cpp(198,18): warning C4244: 'initializing': conversion from 'double' to 'const float', possible loss of data
C:\Users\16520\OneDrive\Desktop\Castlevania\Castlevania\Map.cpp(199,29): warning C4244: 'initializing': conversion from 'double' to 'float', possible loss of data
C:\Users\16520\OneDrive\Desktop\Castlevania\Castlevania\Map.cpp(199,18): warning C4244: 'initializing': conversion from 'double' to 'const float', possible loss of data
C:\Users\16520\OneDrive\Desktop\Castlevania\Castlevania\Map.cpp(200,33): warning C4244: 'initializing': conversion from 'double' to 'float', possible loss of data
C:\Users\16520\OneDrive\Desktop\Castlevania\Castlevania\Map.cpp(200,22): warning C4244: 'initializing': conversion from 'double' to 'const float', possible loss of data
C:\Users\16520\OneDrive\Desktop\Castlevania\Castlevania\Map.cpp(201,34): warning C4244: 'initializing': conversion from 'double' to 'float', possible loss of data
C:\Users\16520\OneDrive\Desktop\Castlevania\Castlevania\Map.cpp(201,23): warning C4244: 'initializing': conversion from 'double' to 'const float', possible loss of data
C:\Users\16520\OneDrive\Desktop\Castlevania\Castlevania\Map.cpp(203,14): warning C4244: 'initializing': conversion from 'float' to 'int', possible loss of data
C:\Users\16520\OneDrive\Desktop\Castlevania\Castlevania\Map.cpp(204,14): warning C4244: 'initializing': conversion from 'float' to 'int', possible loss of data
C:\Users\16520\OneDrive\Desktop\Castlevania\packages\rapidxml.1.13\build\native\include\rapidxml\rapidxml_utils.hpp(40,25): warning C4244: 'initializing': conversion from 'std::streamoff' to 'size_t', possible loss of data
C:\Users\16520\OneDrive\Desktop\Castlevania\packages\rapidxml.1.13\build\native\include\rapidxml\rapidxml_utils.hpp(28): message : while compiling class template member function 'rapidxml::file<char>::file(const char *)'
C:\Users\16520\OneDrive\Desktop\Castlevania\Castlevania\Map.cpp(19): message : see reference to function template instantiation 'rapidxml::file<char>::file(const char *)' being compiled
C:\Users\16520\OneDrive\Desktop\Castlevania\Castlevania\Map.cpp(19): message : see reference to class template instantiation 'rapidxml::file<char>' being compiled
C:\Users\16520\OneDrive\Desktop\Castlevania\packages\rapidxml.1.13\build\native\include\rapidxml\rapidxml_print.hpp(87,39): warning C4018: '<': signed/unsigned mismatch
C:\Users\16520\OneDrive\Desktop\Castlevania\packages\rapidxml.1.13\build\native\include\rapidxml\rapidxml_print.hpp(273): message : see reference to function template instantiation 'OutIt rapidxml::internal::fill_chars<OutIt,char>(OutIt,int,Ch)' being compiled
          with
          [
              OutIt=std::ostream_iterator<char,char,std::char_traits<char>>,
              Ch=char
          ]
C:\Users\16520\OneDrive\Desktop\Castlevania\packages\rapidxml.1.13\build\native\include\rapidxml\rapidxml_print.hpp(145): message : see reference to function template instantiation 'OutIt rapidxml::internal::print_element_node<OutIt,char>(OutIt,const rapidxml::xml_node<char> *,int,int)' being compiled
          with
          [
              OutIt=std::ostream_iterator<char,char,std::char_traits<char>>
          ]
C:\Users\16520\OneDrive\Desktop\Castlevania\packages\rapidxml.1.13\build\native\include\rapidxml\rapidxml_print.hpp(415): message : see reference to function template instantiation 'OutIt rapidxml::internal::print_node<OutIt,char>(OutIt,const rapidxml::xml_node<char> *,int,int)' being compiled
          with
          [
              OutIt=std::ostream_iterator<char,char,std::char_traits<char>>
          ]
C:\Users\16520\OneDrive\Desktop\Castlevania\packages\rapidxml.1.13\build\native\include\rapidxml\rapidxml_print.hpp(428): message : see reference to function template instantiation 'OutIt rapidxml::print<std::ostream_iterator<Ch,char,std::char_traits<char>>,char>(OutIt,const rapidxml::xml_node<Ch> &,int)' being compiled
          with
          [
              OutIt=std::ostream_iterator<char,char,std::char_traits<char>>,
              Ch=char
          ]
C:\Users\16520\OneDrive\Desktop\Castlevania\packages\rapidxml.1.13\build\native\include\rapidxml\rapidxml_print.hpp(439): message : see reference to function template instantiation 'std::basic_ostream<char,std::char_traits<char>> &rapidxml::print<char>(std::basic_ostream<char,std::char_traits<char>> &,const rapidxml::xml_node<char> &,int)' being compiled
C:\Users\16520\OneDrive\Desktop\Castlevania\Castlevania\Map.cpp(267): message : see reference to function template instantiation 'std::basic_ostream<char,std::char_traits<char>> &rapidxml::operator <<<char>(std::basic_ostream<char,std::char_traits<char>> &,const rapidxml::xml_node<char> &)' being compiled
  MenuScene.cpp
C:\Users\16520\OneDrive\Desktop\Castlevania\Castlevania\Simon.h(232,14): warning C4244: '=': conversion from 'float' to 'int', possible loss of data
C:\Users\16520\OneDrive\Desktop\Castlevania\Castlevania\Simon.h(240,9): warning C4244: 'argument': conversion from 'int' to 'float', possible loss of data
C:\Users\16520\OneDrive\Desktop\Castlevania\Castlevania\Layer.h(36,24): warning C4018: '<': signed/unsigned mismatch
C:\Users\16520\OneDrive\Desktop\Castlevania\Castlevania\Layer.h(38,25): warning C4018: '<': signed/unsigned mismatch
  ObjectLayer.cpp
  Generating Code...
  Compiling...
  Platform.cpp
  PlayScene.cpp
C:\Users\16520\OneDrive\Desktop\Castlevania\Castlevania\Simon.h(232,14): warning C4244: '=': conversion from 'float' to 'int', possible loss of data
C:\Users\16520\OneDrive\Desktop\Castlevania\Castlevania\Simon.h(240,9): warning C4244: 'argument': conversion from 'int' to 'float', possible loss of data
C:\Users\16520\OneDrive\Desktop\Castlevania\Castlevania\Layer.h(36,24): warning C4018: '<': signed/unsigned mismatch
C:\Users\16520\OneDrive\Desktop\Castlevania\Castlevania\Layer.h(38,25): warning C4018: '<': signed/unsigned mismatch
C:\Users\16520\OneDrive\Desktop\Castlevania\Castlevania\WAxe.h(5,1): warning C4005: 'AXE_SPEED_VX': macro redefinition
C:\Users\16520\OneDrive\Desktop\Castlevania\Castlevania\Bone.h(5): message : see previous definition of 'AXE_SPEED_VX'
C:\Users\16520\OneDrive\Desktop\Castlevania\Castlevania\BlackKnight.h(9,1): warning C4005: 'DISTANCE': macro redefinition
C:\Users\16520\OneDrive\Desktop\Castlevania\Castlevania\WBoomerang.h(11): message : see previous definition of 'DISTANCE'
C:\Users\16520\OneDrive\Desktop\Castlevania\Castlevania\Ghost.h(14,18): warning C4305: 'initializing': truncation from 'double' to 'float'
C:\Users\16520\OneDrive\Desktop\Castlevania\Castlevania\Phantom.h(18,1): warning C4005: 'WAIT_TIME': macro redefinition
C:\Users\16520\OneDrive\Desktop\Castlevania\Castlevania\Raven.h(17): message : see previous definition of 'WAIT_TIME'
C:\Users\16520\OneDrive\Desktop\Castlevania\Castlevania\PlayScene.cpp(141,65): warning C4244: 'argument': conversion from 'LONG' to 'float', possible loss of data
C:\Users\16520\OneDrive\Desktop\Castlevania\Castlevania\PlayScene.cpp(141,46): warning C4244: 'argument': conversion from 'LONG' to 'float', possible loss of data
C:\Users\16520\OneDrive\Desktop\Castlevania\Castlevania\PlayScene.cpp(223,32): warning C4244: '=': conversion from 'ULONGLONG' to 'DWORD', possible loss of data
C:\Users\16520\OneDrive\Desktop\Castlevania\Castlevania\PlayScene.cpp(361,20): warning C4018: '<': signed/unsigned mismatch
C:\Users\16520\OneDrive\Desktop\Castlevania\Castlevania\PlayScene.cpp(392,20): warning C4018: '<': signed/unsigned mismatch
C:\Users\16520\OneDrive\Desktop\Castlevania\Castlevania\PlayScene.cpp(398,20): warning C4018: '<': signed/unsigned mismatch
C:\Users\16520\OneDrive\Desktop\Castlevania\Castlevania\PlayScene.cpp(414,58): warning C4244: 'argument': conversion from 'LONG' to 'float', possible loss of data
C:\Users\16520\OneDrive\Desktop\Castlevania\Castlevania\PlayScene.cpp(434,88): warning C4244: 'argument': conversion from 'LONG' to 'float', possible loss of data
C:\Users\16520\OneDrive\Desktop\Castlevania\Castlevania\PlayScene.cpp(434,55): warning C4244: 'argument': conversion from 'LONG' to 'float', possible loss of data
C:\Users\16520\OneDrive\Desktop\Castlevania\Castlevania\PlayScene.cpp(436,67): warning C4244: 'argument': conversion from 'LONG' to 'float', possible loss of data
C:\Users\16520\OneDrive\Desktop\Castlevania\Castlevania\PlayScene.cpp(436,48): warning C4244: 'argument': conversion from 'LONG' to 'float', possible loss of data
C:\Users\16520\OneDrive\Desktop\Castlevania\Castlevania\PlayScene.cpp(500,20): warning C4018: '<': signed/unsigned mismatch
C:\Users\16520\OneDrive\Desktop\Castlevania\packages\rapidxml.1.13\build\native\include\rapidxml\rapidxml_utils.hpp(40,25): warning C4244: 'initializing': conversion from 'std::streamoff' to 'size_t', possible loss of data
C:\Users\16520\OneDrive\Desktop\Castlevania\packages\rapidxml.1.13\build\native\include\rapidxml\rapidxml_utils.hpp(28): message : while compiling class template member function 'rapidxml::file<char>::file(const char *)'
C:\Users\16520\OneDrive\Desktop\Castlevania\Castlevania\PlayScene.cpp(48): message : see reference to function template instantiation 'rapidxml::file<char>::file(const char *)' being compiled
C:\Users\16520\OneDrive\Desktop\Castlevania\Castlevania\PlayScene.cpp(48): message : see reference to class template instantiation 'rapidxml::file<char>' being compiled
  Raven.cpp
C:\Users\16520\OneDrive\Desktop\Castlevania\Castlevania\Simon.h(232,14): warning C4244: '=': conversion from 'float' to 'int', possible loss of data
C:\Users\16520\OneDrive\Desktop\Castlevania\Castlevania\Simon.h(240,9): warning C4244: 'argument': conversion from 'int' to 'float', possible loss of data
C:\Users\16520\OneDrive\Desktop\Castlevania\Castlevania\Layer.h(36,24): warning C4018: '<': signed/unsigned mismatch
C:\Users\16520\OneDrive\Desktop\Castlevania\Castlevania\Layer.h(38,25): warning C4018: '<': signed/unsigned mismatch
  RetroGrade.cpp
  SceneStateMachine.cpp
  Simon.cpp
C:\Users\16520\OneDrive\Desktop\Castlevania\Castlevania\SIMON.h(232,14): warning C4244: '=': conversion from 'float' to 'int', possible loss of data
C:\Users\16520\OneDrive\Desktop\Castlevania\Castlevania\SIMON.h(240,9): warning C4244: 'argument': conversion from 'int' to 'float', possible loss of data
C:\Users\16520\OneDrive\Desktop\Castlevania\Castlevania\Layer.h(36,24): warning C4018: '<': signed/unsigned mismatch
C:\Users\16520\OneDrive\Desktop\Castlevania\Castlevania\Layer.h(38,25): warning C4018: '<': signed/unsigned mismatch
C:\Users\16520\OneDrive\Desktop\Castlevania\Castlevania\WAxe.h(5,1): warning C4005: 'AXE_SPEED_VX': macro redefinition
C:\Users\16520\OneDrive\Desktop\Castlevania\Castlevania\Bone.h(5): message : see previous definition of 'AXE_SPEED_VX'
C:\Users\16520\OneDrive\Desktop\Castlevania\Castlevania\Simon.cpp(707,68): warning C4244: 'argument': conversion from 'double' to 'float', possible loss of data
C:\Users\16520\OneDrive\Desktop\Castlevania\Castlevania\Simon.cpp(707,32): warning C4244: 'argument': conversion from 'double' to 'float', possible loss of data
C:\Users\16520\OneDrive\Desktop\Castlevania\Castlevania\Simon.cpp(711,32): warning C4244: 'argument': conversion from 'double' to 'float', possible loss of data
  Bone.cpp
C:\Users\16520\OneDrive\Desktop\Castlevania\Castlevania\Simon.h(232,14): warning C4244: '=': conversion from 'float' to 'int', possible loss of data
C:\Users\16520\OneDrive\Desktop\Castlevania\Castlevania\Simon.h(240,9): warning C4244: 'argument': conversion from 'int' to 'float', possible loss of data
C:\Users\16520\OneDrive\Desktop\Castlevania\Castlevania\Layer.h(36,24): warning C4018: '<': signed/unsigned mismatch
C:\Users\16520\OneDrive\Desktop\Castlevania\Castlevania\Layer.h(38,25): warning C4018: '<': signed/unsigned mismatch
  WAxe.cpp
C:\Users\16520\OneDrive\Desktop\Castlevania\Castlevania\Simon.h(232,14): warning C4244: '=': conversion from 'float' to 'int', possible loss of data
C:\Users\16520\OneDrive\Desktop\Castlevania\Castlevania\Simon.h(240,9): warning C4244: 'argument': conversion from 'int' to 'float', possible loss of data
C:\Users\16520\OneDrive\Desktop\Castlevania\Castlevania\Layer.h(36,24): warning C4018: '<': signed/unsigned mismatch
C:\Users\16520\OneDrive\Desktop\Castlevania\Castlevania\Layer.h(38,25): warning C4018: '<': signed/unsigned mismatch
  White.cpp
C:\Users\16520\OneDrive\Desktop\Castlevania\Castlevania\Simon.h(232,14): warning C4244: '=': conversion from 'float' to 'int', possible loss of data
C:\Users\16520\OneDrive\Desktop\Castlevania\Castlevania\Simon.h(240,9): warning C4244: 'argument': conversion from 'int' to 'float', possible loss of data
C:\Users\16520\OneDrive\Desktop\Castlevania\Castlevania\Layer.h(36,24): warning C4018: '<': signed/unsigned mismatch
C:\Users\16520\OneDrive\Desktop\Castlevania\Castlevania\Layer.h(38,25): warning C4018: '<': signed/unsigned mismatch
C:\Users\16520\OneDrive\Desktop\Castlevania\Castlevania\WAxe.h(5,1): warning C4005: 'AXE_SPEED_VX': macro redefinition
C:\Users\16520\OneDrive\Desktop\Castlevania\Castlevania\Bone.h(5): message : see previous definition of 'AXE_SPEED_VX'
C:\Users\16520\OneDrive\Desktop\Castlevania\Castlevania\BlackKnight.h(9,1): warning C4005: 'DISTANCE': macro redefinition
C:\Users\16520\OneDrive\Desktop\Castlevania\Castlevania\WBoomerang.h(11): message : see previous definition of 'DISTANCE'
C:\Users\16520\OneDrive\Desktop\Castlevania\Castlevania\Ghost.h(14,18): warning C4305: 'initializing': truncation from 'double' to 'float'
C:\Users\16520\OneDrive\Desktop\Castlevania\Castlevania\Phantom.h(18,1): warning C4005: 'WAIT_TIME': macro redefinition
C:\Users\16520\OneDrive\Desktop\Castlevania\Castlevania\Raven.h(17): message : see previous definition of 'WAIT_TIME'
C:\Users\16520\OneDrive\Desktop\Castlevania\Castlevania\White.cpp(158,11): warning C4305: '=': truncation from 'double' to 'float'
  Spawer.cpp
C:\Users\16520\OneDrive\Desktop\Castlevania\Castlevania\Simon.h(232,14): warning C4244: '=': conversion from 'float' to 'int', possible loss of data
C:\Users\16520\OneDrive\Desktop\Castlevania\Castlevania\Simon.h(240,9): warning C4244: 'argument': conversion from 'int' to 'float', possible loss of data
C:\Users\16520\OneDrive\Desktop\Castlevania\Castlevania\Layer.h(36,24): warning C4018: '<': signed/unsigned mismatch
C:\Users\16520\OneDrive\Desktop\Castlevania\Castlevania\Layer.h(38,25): warning C4018: '<': signed/unsigned mismatch
C:\Users\16520\OneDrive\Desktop\Castlevania\Castlevania\Ghost.h(14,18): warning C4305: 'initializing': truncation from 'double' to 'float'
C:\Users\16520\OneDrive\Desktop\Castlevania\Castlevania\Phantom.h(18,1): warning C4005: 'WAIT_TIME': macro redefinition
C:\Users\16520\OneDrive\Desktop\Castlevania\Castlevania\Raven.h(17): message : see previous definition of 'WAIT_TIME'
  Sprites.cpp
C:\Users\16520\OneDrive\Desktop\Castlevania\Castlevania\Simon.h(232,14): warning C4244: '=': conversion from 'float' to 'int', possible loss of data
C:\Users\16520\OneDrive\Desktop\Castlevania\Castlevania\Simon.h(240,9): warning C4244: 'argument': conversion from 'int' to 'float', possible loss of data
C:\Users\16520\OneDrive\Desktop\Castlevania\Castlevania\Layer.h(36,24): warning C4018: '<': signed/unsigned mismatch
C:\Users\16520\OneDrive\Desktop\Castlevania\Castlevania\Layer.h(38,25): warning C4018: '<': signed/unsigned mismatch
  Stair.cpp
  SwitchScene.cpp
  Textures.cpp
C:\Users\16520\OneDrive\Desktop\Castlevania\Castlevania\Simon.h(232,14): warning C4244: '=': conversion from 'float' to 'int', possible loss of data
C:\Users\16520\OneDrive\Desktop\Castlevania\Castlevania\Simon.h(240,9): warning C4244: 'argument': conversion from 'int' to 'float', possible loss of data
C:\Users\16520\OneDrive\Desktop\Castlevania\Castlevania\Layer.h(36,24): warning C4018: '<': signed/unsigned mismatch
C:\Users\16520\OneDrive\Desktop\Castlevania\Castlevania\Layer.h(38,25): warning C4018: '<': signed/unsigned mismatch
  Torch.cpp
  WDagger.cpp
  Weapon.cpp
C:\Users\16520\OneDrive\Desktop\Castlevania\Castlevania\Simon.h(232,14): warning C4244: '=': conversion from 'float' to 'int', possible loss of data
C:\Users\16520\OneDrive\Desktop\Castlevania\Castlevania\Simon.h(240,9): warning C4244: 'argument': conversion from 'int' to 'float', possible loss of data
C:\Users\16520\OneDrive\Desktop\Castlevania\Castlevania\Layer.h(36,24): warning C4018: '<': signed/unsigned mismatch
C:\Users\16520\OneDrive\Desktop\Castlevania\Castlevania\Layer.h(38,25): warning C4018: '<': signed/unsigned mismatch
C:\Users\16520\OneDrive\Desktop\Castlevania\Castlevania\WAxe.h(5,1): warning C4005: 'AXE_SPEED_VX': macro redefinition
C:\Users\16520\OneDrive\Desktop\Castlevania\Castlevania\Bone.h(5): message : see previous definition of 'AXE_SPEED_VX'
  WeaponFactory.cpp
C:\Users\16520\OneDrive\Desktop\Castlevania\Castlevania\Simon.h(232,14): warning C4244: '=': conversion from 'float' to 'int', possible loss of data
C:\Users\16520\OneDrive\Desktop\Castlevania\Castlevania\Simon.h(240,9): warning C4244: 'argument': conversion from 'int' to 'float', possible loss of data
C:\Users\16520\OneDrive\Desktop\Castlevania\Castlevania\Layer.h(36,24): warning C4018: '<': signed/unsigned mismatch
C:\Users\16520\OneDrive\Desktop\Castlevania\Castlevania\Layer.h(38,25): warning C4018: '<': signed/unsigned mismatch
C:\Users\16520\OneDrive\Desktop\Castlevania\Castlevania\WAxe.h(5,1): warning C4005: 'AXE_SPEED_VX': macro redefinition
C:\Users\16520\OneDrive\Desktop\Castlevania\Castlevania\Bone.h(5): message : see previous definition of 'AXE_SPEED_VX'
  Whip.cpp
C:\Users\16520\OneDrive\Desktop\Castlevania\Castlevania\Simon.h(232,14): warning C4244: '=': conversion from 'float' to 'int', possible loss of data
C:\Users\16520\OneDrive\Desktop\Castlevania\Castlevania\Simon.h(240,9): warning C4244: 'argument': conversion from 'int' to 'float', possible loss of data
C:\Users\16520\OneDrive\Desktop\Castlevania\Castlevania\Layer.h(36,24): warning C4018: '<': signed/unsigned mismatch
C:\Users\16520\OneDrive\Desktop\Castlevania\Castlevania\Layer.h(38,25): warning C4018: '<': signed/unsigned mismatch
  WStopWatch.cpp
C:\Users\16520\OneDrive\Desktop\Castlevania\Castlevania\Simon.h(232,14): warning C4244: '=': conversion from 'float' to 'int', possible loss of data
C:\Users\16520\OneDrive\Desktop\Castlevania\Castlevania\Simon.h(240,9): warning C4244: 'argument': conversion from 'int' to 'float', possible loss of data
C:\Users\16520\OneDrive\Desktop\Castlevania\Castlevania\Layer.h(36,24): warning C4018: '<': signed/unsigned mismatch
C:\Users\16520\OneDrive\Desktop\Castlevania\Castlevania\Layer.h(38,25): warning C4018: '<': signed/unsigned mismatch
C:\Users\16520\OneDrive\Desktop\Castlevania\Castlevania\Ghost.h(14,18): warning C4305: 'initializing': truncation from 'double' to 'float'
C:\Users\16520\OneDrive\Desktop\Castlevania\Castlevania\Phantom.h(18,1): warning C4005: 'WAIT_TIME': macro redefinition
C:\Users\16520\OneDrive\Desktop\Castlevania\Castlevania\Raven.h(17): message : see previous definition of 'WAIT_TIME'
  Generating Code...
  Compiling...
  Zombie.cpp
C:\Users\16520\OneDrive\Desktop\Castlevania\Castlevania\Simon.h(232,14): warning C4244: '=': conversion from 'float' to 'int', possible loss of data
C:\Users\16520\OneDrive\Desktop\Castlevania\Castlevania\Simon.h(240,9): warning C4244: 'argument': conversion from 'int' to 'float', possible loss of data
C:\Users\16520\OneDrive\Desktop\Castlevania\Castlevania\Layer.h(36,24): warning C4018: '<': signed/unsigned mismatch
C:\Users\16520\OneDrive\Desktop\Castlevania\Castlevania\Layer.h(38,25): warning C4018: '<': signed/unsigned mismatch
  Generating Code...
  Castlevania.vcxproj -> C:\Users\16520\OneDrive\Desktop\Castlevania\Debug\Castlevania.exe
