  BHeart.cpp
  Brick.cpp
  Candle.cpp
  debug.cpp
  Effect.cpp
  EffectFactory.cpp
  Entrance.cpp
  Flame.cpp
  Game.cpp
C:\Users\16520\OneDrive\Desktop\Castlevania\Castlevania\Simon.h(32,1): warning C4005: 'SIMON_BBOX_WIDTH': macro redefinition
C:\Users\16520\OneDrive\Desktop\Castlevania\Castlevania\Simon.h(29): message : see previous definition of 'SIMON_BBOX_WIDTH'
C:\Users\16520\OneDrive\Desktop\Castlevania\Castlevania\Simon.h(33,1): warning C4005: 'SIMON_BBOX_HEIGHT': macro redefinition
C:\Users\16520\OneDrive\Desktop\Castlevania\Castlevania\Simon.h(30): message : see previous definition of 'SIMON_BBOX_HEIGHT'
C:\Users\16520\OneDrive\Desktop\Castlevania\Castlevania\Layer.h(35,24): warning C4018: '<': signed/unsigned mismatch
C:\Users\16520\OneDrive\Desktop\Castlevania\Castlevania\Layer.h(37,25): warning C4018: '<': signed/unsigned mismatch
C:\Users\16520\OneDrive\Desktop\Castlevania\Castlevania\Game.cpp(82,38): warning C4244: 'argument': conversion from 'int' to 'FLOAT', possible loss of data
C:\Users\16520\OneDrive\Desktop\Castlevania\Castlevania\Game.cpp(346,26): warning C4305: '=': truncation from '__int64' to 'float'
C:\Users\16520\OneDrive\Desktop\Castlevania\Castlevania\Game.cpp(347,24): warning C4305: '=': truncation from '__int64' to 'float'
C:\Users\16520\OneDrive\Desktop\Castlevania\Castlevania\Game.cpp(357,26): warning C4305: '=': truncation from '__int64' to 'float'
C:\Users\16520\OneDrive\Desktop\Castlevania\Castlevania\Game.cpp(358,24): warning C4305: '=': truncation from '__int64' to 'float'
  GameObject.cpp
C:\Users\16520\OneDrive\Desktop\Castlevania\Castlevania\Simon.h(32,1): warning C4005: 'SIMON_BBOX_WIDTH': macro redefinition
C:\Users\16520\OneDrive\Desktop\Castlevania\Castlevania\Simon.h(29): message : see previous definition of 'SIMON_BBOX_WIDTH'
C:\Users\16520\OneDrive\Desktop\Castlevania\Castlevania\Simon.h(33,1): warning C4005: 'SIMON_BBOX_HEIGHT': macro redefinition
C:\Users\16520\OneDrive\Desktop\Castlevania\Castlevania\Simon.h(30): message : see previous definition of 'SIMON_BBOX_HEIGHT'
C:\Users\16520\OneDrive\Desktop\Castlevania\Castlevania\Layer.h(35,24): warning C4018: '<': signed/unsigned mismatch
C:\Users\16520\OneDrive\Desktop\Castlevania\Castlevania\Layer.h(37,25): warning C4018: '<': signed/unsigned mismatch
  Goomba.cpp
  Ground.cpp
  Heart.cpp
  HiddenObject.cpp
  HMoney.cpp
  IDagger.cpp
  IMoney.cpp
  Item.cpp
  ItemFactory.cpp
  IWhip.cpp
  Compiling...
  Layer.cpp
C:\Users\16520\OneDrive\Desktop\Castlevania\Castlevania\Layer.h(35,24): warning C4018: '<': signed/unsigned mismatch
C:\Users\16520\OneDrive\Desktop\Castlevania\Castlevania\Layer.h(37,25): warning C4018: '<': signed/unsigned mismatch
C:\Users\16520\OneDrive\Desktop\Castlevania\Castlevania\Layer.cpp(34,79): warning C4244: 'argument': conversion from 'int' to 'float', possible loss of data
C:\Users\16520\OneDrive\Desktop\Castlevania\Castlevania\Layer.cpp(34,71): warning C4244: 'argument': conversion from 'int' to 'float', possible loss of data
  main.cpp
C:\Users\16520\OneDrive\Desktop\Castlevania\Castlevania\Simon.h(32,1): warning C4005: 'SIMON_BBOX_WIDTH': macro redefinition
C:\Users\16520\OneDrive\Desktop\Castlevania\Castlevania\Simon.h(29): message : see previous definition of 'SIMON_BBOX_WIDTH'
C:\Users\16520\OneDrive\Desktop\Castlevania\Castlevania\Simon.h(33,1): warning C4005: 'SIMON_BBOX_HEIGHT': macro redefinition
C:\Users\16520\OneDrive\Desktop\Castlevania\Castlevania\Simon.h(30): message : see previous definition of 'SIMON_BBOX_HEIGHT'
C:\Users\16520\OneDrive\Desktop\Castlevania\Castlevania\Layer.h(35,24): warning C4018: '<': signed/unsigned mismatch
C:\Users\16520\OneDrive\Desktop\Castlevania\Castlevania\Layer.h(37,25): warning C4018: '<': signed/unsigned mismatch
  Map.cpp
C:\Users\16520\OneDrive\Desktop\Castlevania\Castlevania\Layer.h(35,24): warning C4018: '<': signed/unsigned mismatch
C:\Users\16520\OneDrive\Desktop\Castlevania\Castlevania\Layer.h(37,25): warning C4018: '<': signed/unsigned mismatch
C:\Users\16520\OneDrive\Desktop\Castlevania\Castlevania\Map.cpp(151,28): warning C4018: '<': signed/unsigned mismatch
C:\Users\16520\OneDrive\Desktop\Castlevania\Castlevania\Map.cpp(153,29): warning C4018: '<': signed/unsigned mismatch
C:\Users\16520\OneDrive\Desktop\Castlevania\Castlevania\Map.cpp(186,29): warning C4244: 'initializing': conversion from 'double' to 'float', possible loss of data
C:\Users\16520\OneDrive\Desktop\Castlevania\Castlevania\Map.cpp(186,18): warning C4244: 'initializing': conversion from 'double' to 'const float', possible loss of data
C:\Users\16520\OneDrive\Desktop\Castlevania\Castlevania\Map.cpp(187,29): warning C4244: 'initializing': conversion from 'double' to 'float', possible loss of data
C:\Users\16520\OneDrive\Desktop\Castlevania\Castlevania\Map.cpp(187,18): warning C4244: 'initializing': conversion from 'double' to 'const float', possible loss of data
C:\Users\16520\OneDrive\Desktop\Castlevania\Castlevania\Map.cpp(188,33): warning C4244: 'initializing': conversion from 'double' to 'float', possible loss of data
C:\Users\16520\OneDrive\Desktop\Castlevania\Castlevania\Map.cpp(188,22): warning C4244: 'initializing': conversion from 'double' to 'const float', possible loss of data
C:\Users\16520\OneDrive\Desktop\Castlevania\Castlevania\Map.cpp(189,34): warning C4244: 'initializing': conversion from 'double' to 'float', possible loss of data
C:\Users\16520\OneDrive\Desktop\Castlevania\Castlevania\Map.cpp(189,23): warning C4244: 'initializing': conversion from 'double' to 'const float', possible loss of data
C:\Users\16520\OneDrive\Desktop\Castlevania\packages\rapidxml.1.13\build\native\include\rapidxml\rapidxml_utils.hpp(40,25): warning C4244: 'initializing': conversion from 'std::streamoff' to 'size_t', possible loss of data
C:\Users\16520\OneDrive\Desktop\Castlevania\packages\rapidxml.1.13\build\native\include\rapidxml\rapidxml_utils.hpp(28): message : while compiling class template member function 'rapidxml::file<char>::file(const char *)'
C:\Users\16520\OneDrive\Desktop\Castlevania\Castlevania\Map.cpp(16): message : see reference to function template instantiation 'rapidxml::file<char>::file(const char *)' being compiled
C:\Users\16520\OneDrive\Desktop\Castlevania\Castlevania\Map.cpp(16): message : see reference to class template instantiation 'rapidxml::file<char>' being compiled
  MenuScene.cpp
C:\Users\16520\OneDrive\Desktop\Castlevania\Castlevania\Simon.h(32,1): warning C4005: 'SIMON_BBOX_WIDTH': macro redefinition
C:\Users\16520\OneDrive\Desktop\Castlevania\Castlevania\Simon.h(29): message : see previous definition of 'SIMON_BBOX_WIDTH'
C:\Users\16520\OneDrive\Desktop\Castlevania\Castlevania\Simon.h(33,1): warning C4005: 'SIMON_BBOX_HEIGHT': macro redefinition
C:\Users\16520\OneDrive\Desktop\Castlevania\Castlevania\Simon.h(30): message : see previous definition of 'SIMON_BBOX_HEIGHT'
C:\Users\16520\OneDrive\Desktop\Castlevania\Castlevania\Layer.h(35,24): warning C4018: '<': signed/unsigned mismatch
C:\Users\16520\OneDrive\Desktop\Castlevania\Castlevania\Layer.h(37,25): warning C4018: '<': signed/unsigned mismatch
  ObjectLayer.cpp
  PlayScene.cpp
C:\Users\16520\OneDrive\Desktop\Castlevania\Castlevania\Simon.h(32,1): warning C4005: 'SIMON_BBOX_WIDTH': macro redefinition
C:\Users\16520\OneDrive\Desktop\Castlevania\Castlevania\Simon.h(29): message : see previous definition of 'SIMON_BBOX_WIDTH'
C:\Users\16520\OneDrive\Desktop\Castlevania\Castlevania\Simon.h(33,1): warning C4005: 'SIMON_BBOX_HEIGHT': macro redefinition
C:\Users\16520\OneDrive\Desktop\Castlevania\Castlevania\Simon.h(30): message : see previous definition of 'SIMON_BBOX_HEIGHT'
C:\Users\16520\OneDrive\Desktop\Castlevania\Castlevania\Layer.h(35,24): warning C4018: '<': signed/unsigned mismatch
C:\Users\16520\OneDrive\Desktop\Castlevania\Castlevania\Layer.h(37,25): warning C4018: '<': signed/unsigned mismatch
C:\Users\16520\OneDrive\Desktop\Castlevania\Castlevania\PlayScene.cpp(270,44): warning C4244: '=': conversion from 'float' to 'LONG', possible loss of data
C:\Users\16520\OneDrive\Desktop\Castlevania\Castlevania\PlayScene.cpp(271,43): warning C4244: '=': conversion from 'float' to 'LONG', possible loss of data
C:\Users\16520\OneDrive\Desktop\Castlevania\Castlevania\PlayScene.cpp(272,48): warning C4244: '=': conversion from 'float' to 'LONG', possible loss of data
C:\Users\16520\OneDrive\Desktop\Castlevania\Castlevania\PlayScene.cpp(273,49): warning C4244: '=': conversion from 'float' to 'LONG', possible loss of data
C:\Users\16520\OneDrive\Desktop\Castlevania\Castlevania\PlayScene.cpp(338,20): warning C4018: '<': signed/unsigned mismatch
C:\Users\16520\OneDrive\Desktop\Castlevania\Castlevania\PlayScene.cpp(344,20): warning C4018: '<': signed/unsigned mismatch
C:\Users\16520\OneDrive\Desktop\Castlevania\Castlevania\PlayScene.cpp(385,20): warning C4018: '<': signed/unsigned mismatch
C:\Users\16520\OneDrive\Desktop\Castlevania\packages\rapidxml.1.13\build\native\include\rapidxml\rapidxml_utils.hpp(40,25): warning C4244: 'initializing': conversion from 'std::streamoff' to 'size_t', possible loss of data
C:\Users\16520\OneDrive\Desktop\Castlevania\packages\rapidxml.1.13\build\native\include\rapidxml\rapidxml_utils.hpp(28): message : while compiling class template member function 'rapidxml::file<char>::file(const char *)'
C:\Users\16520\OneDrive\Desktop\Castlevania\Castlevania\PlayScene.cpp(36): message : see reference to function template instantiation 'rapidxml::file<char>::file(const char *)' being compiled
C:\Users\16520\OneDrive\Desktop\Castlevania\Castlevania\PlayScene.cpp(36): message : see reference to class template instantiation 'rapidxml::file<char>' being compiled
  SceneStateMachine.cpp
  Simon.cpp
C:\Users\16520\OneDrive\Desktop\Castlevania\Castlevania\SIMON.h(32,1): warning C4005: 'SIMON_BBOX_WIDTH': macro redefinition
C:\Users\16520\OneDrive\Desktop\Castlevania\Castlevania\SIMON.h(29): message : see previous definition of 'SIMON_BBOX_WIDTH'
C:\Users\16520\OneDrive\Desktop\Castlevania\Castlevania\SIMON.h(33,1): warning C4005: 'SIMON_BBOX_HEIGHT': macro redefinition
C:\Users\16520\OneDrive\Desktop\Castlevania\Castlevania\SIMON.h(30): message : see previous definition of 'SIMON_BBOX_HEIGHT'
C:\Users\16520\OneDrive\Desktop\Castlevania\Castlevania\Layer.h(35,24): warning C4018: '<': signed/unsigned mismatch
C:\Users\16520\OneDrive\Desktop\Castlevania\Castlevania\Layer.h(37,25): warning C4018: '<': signed/unsigned mismatch
C:\Users\16520\OneDrive\Desktop\Castlevania\Castlevania\Simon.cpp(201,65): warning C4244: 'argument': conversion from 'double' to 'float', possible loss of data
C:\Users\16520\OneDrive\Desktop\Castlevania\Castlevania\Simon.cpp(201,31): warning C4244: 'argument': conversion from 'double' to 'float', possible loss of data
C:\Users\16520\OneDrive\Desktop\Castlevania\Castlevania\Simon.cpp(205,31): warning C4244: 'argument': conversion from 'double' to 'float', possible loss of data
  Sprites.cpp
C:\Users\16520\OneDrive\Desktop\Castlevania\Castlevania\Simon.h(32,1): warning C4005: 'SIMON_BBOX_WIDTH': macro redefinition
C:\Users\16520\OneDrive\Desktop\Castlevania\Castlevania\Simon.h(29): message : see previous definition of 'SIMON_BBOX_WIDTH'
C:\Users\16520\OneDrive\Desktop\Castlevania\Castlevania\Simon.h(33,1): warning C4005: 'SIMON_BBOX_HEIGHT': macro redefinition
C:\Users\16520\OneDrive\Desktop\Castlevania\Castlevania\Simon.h(30): message : see previous definition of 'SIMON_BBOX_HEIGHT'
C:\Users\16520\OneDrive\Desktop\Castlevania\Castlevania\Layer.h(35,24): warning C4018: '<': signed/unsigned mismatch
C:\Users\16520\OneDrive\Desktop\Castlevania\Castlevania\Layer.h(37,25): warning C4018: '<': signed/unsigned mismatch
  Textures.cpp
C:\Users\16520\OneDrive\Desktop\Castlevania\Castlevania\Simon.h(32,1): warning C4005: 'SIMON_BBOX_WIDTH': macro redefinition
C:\Users\16520\OneDrive\Desktop\Castlevania\Castlevania\Simon.h(29): message : see previous definition of 'SIMON_BBOX_WIDTH'
C:\Users\16520\OneDrive\Desktop\Castlevania\Castlevania\Simon.h(33,1): warning C4005: 'SIMON_BBOX_HEIGHT': macro redefinition
C:\Users\16520\OneDrive\Desktop\Castlevania\Castlevania\Simon.h(30): message : see previous definition of 'SIMON_BBOX_HEIGHT'
C:\Users\16520\OneDrive\Desktop\Castlevania\Castlevania\Layer.h(35,24): warning C4018: '<': signed/unsigned mismatch
C:\Users\16520\OneDrive\Desktop\Castlevania\Castlevania\Layer.h(37,25): warning C4018: '<': signed/unsigned mismatch
  Torch.cpp
  WDagger.cpp
  Weapon.cpp
C:\Users\16520\OneDrive\Desktop\Castlevania\Castlevania\Simon.h(32,1): warning C4005: 'SIMON_BBOX_WIDTH': macro redefinition
C:\Users\16520\OneDrive\Desktop\Castlevania\Castlevania\Simon.h(29): message : see previous definition of 'SIMON_BBOX_WIDTH'
C:\Users\16520\OneDrive\Desktop\Castlevania\Castlevania\Simon.h(33,1): warning C4005: 'SIMON_BBOX_HEIGHT': macro redefinition
C:\Users\16520\OneDrive\Desktop\Castlevania\Castlevania\Simon.h(30): message : see previous definition of 'SIMON_BBOX_HEIGHT'
C:\Users\16520\OneDrive\Desktop\Castlevania\Castlevania\Layer.h(35,24): warning C4018: '<': signed/unsigned mismatch
C:\Users\16520\OneDrive\Desktop\Castlevania\Castlevania\Layer.h(37,25): warning C4018: '<': signed/unsigned mismatch
  WeaponFactory.cpp
  Whip.cpp
C:\Users\16520\OneDrive\Desktop\Castlevania\Castlevania\Simon.h(32,1): warning C4005: 'SIMON_BBOX_WIDTH': macro redefinition
C:\Users\16520\OneDrive\Desktop\Castlevania\Castlevania\Simon.h(29): message : see previous definition of 'SIMON_BBOX_WIDTH'
C:\Users\16520\OneDrive\Desktop\Castlevania\Castlevania\Simon.h(33,1): warning C4005: 'SIMON_BBOX_HEIGHT': macro redefinition
C:\Users\16520\OneDrive\Desktop\Castlevania\Castlevania\Simon.h(30): message : see previous definition of 'SIMON_BBOX_HEIGHT'
C:\Users\16520\OneDrive\Desktop\Castlevania\Castlevania\Layer.h(35,24): warning C4018: '<': signed/unsigned mismatch
C:\Users\16520\OneDrive\Desktop\Castlevania\Castlevania\Layer.h(37,25): warning C4018: '<': signed/unsigned mismatch
MSVCRT.lib(exe_main.obj) : error LNK2001: unresolved external symbol _main
C:\Users\16520\OneDrive\Desktop\Castlevania\Release\Castlevania.exe : fatal error LNK1120: 1 unresolved externals
